<?xml version="1.0" encoding="UTF-8"?>
<!-- Generated by org.testng.reporters.JUnitReportReporter -->
<testsuite hostname="ASIA31064" failures="0" tests="1" name="com.test.SwiggyAutomation" time="56.415" errors="0" timestamp="2022-12-04T22:54:54 IST" skipped="0">
  <testcase classname="com.test.SwiggyAutomation" name="launchChromeBrowser" time="56.415"/>
  <system-out/>
</testsuite> <!-- com.test.SwiggyAutomation -->
